INFO: [VRFC 10-2263] Analyzing Verilog file "/home/beandog/433/ECE433-Lab7/Lab7.gen/sources_1/ip/Clock80MHz/Clock80MHz_clk_wiz.v" into library xil_defaultlib
INFO: [VRFC 10-311] analyzing module Clock80MHz_clk_wiz
INFO: [VRFC 10-2263] Analyzing Verilog file "/home/beandog/433/ECE433-Lab7/Lab7.gen/sources_1/ip/Clock80MHz/Clock80MHz.v" into library xil_defaultlib
INFO: [VRFC 10-311] analyzing module Clock80MHz
INFO: [VRFC 10-2263] Analyzing Verilog file "/home/beandog/433/ECE433-Lab7/Lab7.srcs/sources_1/imports/433lab7part2/DelayLoop2024Fall.v" into library xil_defaultlib
INFO: [VRFC 10-311] analyzing module DelayLoop2024Fall
INFO: [VRFC 10-2263] Analyzing Verilog file "/home/beandog/433/ECE433-Lab7/Lab7.srcs/sources_1/imports/433lab7part2/I2C_BaudRateGenerator.v" into library xil_defaultlib
INFO: [VRFC 10-311] analyzing module I2C_BaudRateGenerator
INFO: [VRFC 10-2263] Analyzing Verilog file "/home/beandog/433/ECE433-Lab7/Lab7.srcs/sources_1/imports/433lab7part2/I2C_DataUnit.v" into library xil_defaultlib
INFO: [VRFC 10-311] analyzing module I2C_DataUnit
INFO: [VRFC 10-2263] Analyzing Verilog file "/home/beandog/433/ECE433-Lab7/Lab7.srcs/sources_1/imports/433lab7part1/I2C_Host_Controller_phase1_temp.v" into library xil_defaultlib
INFO: [VRFC 10-311] analyzing module I2C_Host_Controller_phase1_temp
INFO: [VRFC 10-2263] Analyzing Verilog file "/home/beandog/433/ECE433-Lab7/Lab7.srcs/sources_1/imports/433lab7part2/I2C_SDAmodule.v" into library xil_defaultlib
INFO: [VRFC 10-311] analyzing module I2C_SDAmodule
INFO: [VRFC 10-2263] Analyzing Verilog file "/home/beandog/433/ECE433-Lab7/Lab7.srcs/sources_1/imports/433lab7part1/I2C_SDAmodule_temp.v" into library xil_defaultlib
INFO: [VRFC 10-311] analyzing module I2C_SDAmodule_temp
INFO: [VRFC 10-2263] Analyzing Verilog file "/home/beandog/433/ECE433-Lab7/Lab7.srcs/sources_1/imports/433lab7part2/I2C_ShiftRegister.v" into library xil_defaultlib
INFO: [VRFC 10-311] analyzing module I2C_ShiftRegister
INFO: [VRFC 10-2263] Analyzing Verilog file "/home/beandog/433/ECE433-Lab7/Lab7.srcs/sources_1/imports/433lab7part1/Lab7I2Cphase1Fall2024JJS.v" into library xil_defaultlib
INFO: [VRFC 10-311] analyzing module Lab7I2Cphase1fall2024JJS
INFO: [VRFC 10-2263] Analyzing Verilog file "/home/beandog/433/ECE433-Lab7/Lab7.srcs/sources_1/imports/433lab7part2/NegativeClockedOneShot.v" into library xil_defaultlib
INFO: [VRFC 10-311] analyzing module NegativeClockedOneShot
INFO: [VRFC 10-2263] Analyzing Verilog file "/home/beandog/433/ECE433-Lab7/Lab7.srcs/sources_1/imports/433lab7part2/PositiveClockedOneShot.v" into library xil_defaultlib
INFO: [VRFC 10-311] analyzing module PositiveClockedOneShot
INFO: [VRFC 10-2263] Analyzing Verilog file "/home/beandog/433/ECE433-Lab7/Lab7.srcs/sources_1/imports/433lab7part1/Lab7phase1overall2024fall_tb.v" into library xil_defaultlib
INFO: [VRFC 10-311] analyzing module Lab7I2Cphase1fall2024JJS_tb
