
*** Running vivado
    with args -log pong.vds -m64 -product Vivado -mode batch -messageDb vivado.pb -notrace -source pong.tcl


****** Vivado v2023.2 (64-bit)
  **** SW Build 4029153 on Fri Oct 13 20:13:54 MDT 2023
  **** IP Build 4028589 on Sat Oct 14 00:45:43 MDT 2023
  **** SharedData Build 4025554 on Tue Oct 10 17:18:54 MDT 2023
    ** Copyright 1986-2022 Xilinx, Inc. All Rights Reserved.
    ** Copyright 2022-2023 Advanced Micro Devices, Inc. All Rights Reserved.

source pong.tcl -notrace
Command: read_checkpoint -auto_incremental -incremental /home/beandog/433/ECE433-Lab7/final-project/finalproject.srcs/utils_1/imports/synth_1/pong.dcp
INFO: [Vivado 12-5825] Read reference checkpoint from /home/beandog/433/ECE433-Lab7/final-project/finalproject.srcs/utils_1/imports/synth_1/pong.dcp for incremental synthesis
INFO: [Vivado 12-7989] Please ensure there are no constraint changes
Command: synth_design -top pong -part xc7a100tcsg324-1
Starting synth_design
Attempting to get a license for feature 'Synthesis' and/or device 'xc7a100t'
INFO: [Common 17-349] Got license for feature 'Synthesis' and/or device 'xc7a100t'
INFO: [Device 21-403] Loading part xc7a100tcsg324-1
INFO: [Designutils 20-5440] No compile time benefit to using incremental synthesis; A full resynthesis will be run
INFO: [Designutils 20-4379] Flow is switching to default flow due to incremental criteria not met. If you would like to alter this behaviour and have the flow terminate instead, please set the following parameter config_implementation {autoIncr.Synth.RejectBehavior Terminate}
INFO: [Synth 8-7079] Multithreading enabled for synth_design using a maximum of 4 processes.
INFO: [Synth 8-7078] Launching helper process for spawning children vivado processes
INFO: [Synth 8-7075] Helper process launched with PID 154036
---------------------------------------------------------------------------------
Starting RTL Elaboration : Time (s): cpu = 00:00:03 ; elapsed = 00:00:03 . Memory (MB): peak = 2040.234 ; gain = 403.715 ; free physical = 487 ; free virtual = 6424
---------------------------------------------------------------------------------
INFO: [Synth 8-11241] undeclared symbol 'clk50', assumed default net type 'wire' [/home/beandog/433/ECE433-Lab7/final-project/finalproject.srcs/sources_1/new/pong.v:198]
INFO: [Synth 8-6157] synthesizing module 'pong' [/home/beandog/433/ECE433-Lab7/final-project/finalproject.srcs/sources_1/new/pong.v:182]
INFO: [Synth 8-6157] synthesizing module 'clk_wiz_50MHz' [/home/beandog/433/ECE433-Lab7/final-project/finalproject.runs/synth_1/.Xil/Vivado-154001-archlinux/realtime/clk_wiz_50MHz_stub.v:6]
INFO: [Synth 8-6155] done synthesizing module 'clk_wiz_50MHz' (0#1) [/home/beandog/433/ECE433-Lab7/final-project/finalproject.runs/synth_1/.Xil/Vivado-154001-archlinux/realtime/clk_wiz_50MHz_stub.v:6]
INFO: [Synth 8-6157] synthesizing module 'BUFG' [/opt/Xilinx/Vivado/2023.2/scripts/rt/data/unisim_comp.v:1951]
INFO: [Synth 8-6155] done synthesizing module 'BUFG' (0#1) [/opt/Xilinx/Vivado/2023.2/scripts/rt/data/unisim_comp.v:1951]
INFO: [Synth 8-6157] synthesizing module 'video_timer' [/home/beandog/433/ECE433-Lab7/final-project/finalproject.srcs/sources_1/new/pong.v:27]
INFO: [Synth 8-6155] done synthesizing module 'video_timer' (0#1) [/home/beandog/433/ECE433-Lab7/final-project/finalproject.srcs/sources_1/new/pong.v:27]
INFO: [Synth 8-6157] synthesizing module 'game' [/home/beandog/433/ECE433-Lab7/final-project/finalproject.srcs/sources_1/new/pong.v:72]
INFO: [Synth 8-6155] done synthesizing module 'game' (0#1) [/home/beandog/433/ECE433-Lab7/final-project/finalproject.srcs/sources_1/new/pong.v:72]
INFO: [Synth 8-6155] done synthesizing module 'pong' (0#1) [/home/beandog/433/ECE433-Lab7/final-project/finalproject.srcs/sources_1/new/pong.v:182]
WARNING: [Synth 8-7137] Register clk25_int_reg in module pong has both Set and reset with same priority. This may cause simulation mismatches. Consider rewriting code  [/home/beandog/433/ECE433-Lab7/final-project/finalproject.srcs/sources_1/new/pong.v:206]
---------------------------------------------------------------------------------
Finished RTL Elaboration : Time (s): cpu = 00:00:04 ; elapsed = 00:00:04 . Memory (MB): peak = 2118.203 ; gain = 481.684 ; free physical = 396 ; free virtual = 6334
---------------------------------------------------------------------------------
---------------------------------------------------------------------------------
Start Handling Custom Attributes
---------------------------------------------------------------------------------
---------------------------------------------------------------------------------
Finished Handling Custom Attributes : Time (s): cpu = 00:00:04 ; elapsed = 00:00:04 . Memory (MB): peak = 2130.078 ; gain = 493.559 ; free physical = 388 ; free virtual = 6326
---------------------------------------------------------------------------------
---------------------------------------------------------------------------------
Finished RTL Optimization Phase 1 : Time (s): cpu = 00:00:04 ; elapsed = 00:00:04 . Memory (MB): peak = 2130.078 ; gain = 493.559 ; free physical = 388 ; free virtual = 6326
---------------------------------------------------------------------------------
Netlist sorting complete. Time (s): cpu = 00:00:00 ; elapsed = 00:00:00.01 . Memory (MB): peak = 2136.016 ; gain = 0.000 ; free physical = 384 ; free virtual = 6322
INFO: [Project 1-570] Preparing netlist for logic optimization

Processing XDC Constraints
Initializing timing engine
Parsing XDC File [/home/beandog/433/ECE433-Lab7/final-project/finalproject.gen/sources_1/ip/clk_wiz_50MHz/clk_wiz_50MHz/clk_wiz_50MHz_in_context.xdc] for cell 'slowClk'
Finished Parsing XDC File [/home/beandog/433/ECE433-Lab7/final-project/finalproject.gen/sources_1/ip/clk_wiz_50MHz/clk_wiz_50MHz/clk_wiz_50MHz_in_context.xdc] for cell 'slowClk'
Parsing XDC File [/home/beandog/433/ECE433-Lab7/final-project/finalproject.srcs/constrs_1/new/const.xdc]
Finished Parsing XDC File [/home/beandog/433/ECE433-Lab7/final-project/finalproject.srcs/constrs_1/new/const.xdc]
INFO: [Project 1-236] Implementation specific constraints were found while reading constraint file [/home/beandog/433/ECE433-Lab7/final-project/finalproject.srcs/constrs_1/new/const.xdc]. These constraints will be ignored for synthesis but will be used in implementation. Impacted constraints are listed in the file [.Xil/pong_propImpl.xdc].
Resolution: To avoid this warning, move constraints listed in [.Xil/pong_propImpl.xdc] to another XDC file and exclude this new file from synthesis with the used_in_synthesis property (File Properties dialog in GUI) and re-run elaboration/synthesis.
Completed Processing XDC Constraints

Netlist sorting complete. Time (s): cpu = 00:00:00 ; elapsed = 00:00:00 . Memory (MB): peak = 2275.828 ; gain = 0.000 ; free physical = 314 ; free virtual = 6252
INFO: [Project 1-111] Unisim Transformation Summary:
No Unisim elements were transformed.

Constraint Validation Runtime : Time (s): cpu = 00:00:00 ; elapsed = 00:00:00.01 . Memory (MB): peak = 2275.863 ; gain = 0.000 ; free physical = 313 ; free virtual = 6251
INFO: [Designutils 20-5440] No compile time benefit to using incremental synthesis; A full resynthesis will be run
INFO: [Designutils 20-4379] Flow is switching to default flow due to incremental criteria not met. If you would like to alter this behaviour and have the flow terminate instead, please set the following parameter config_implementation {autoIncr.Synth.RejectBehavior Terminate}
---------------------------------------------------------------------------------
Finished Constraint Validation : Time (s): cpu = 00:00:08 ; elapsed = 00:00:08 . Memory (MB): peak = 2275.863 ; gain = 639.344 ; free physical = 324 ; free virtual = 6262
---------------------------------------------------------------------------------
---------------------------------------------------------------------------------
Start Loading Part and Timing Information
---------------------------------------------------------------------------------
Loading part: xc7a100tcsg324-1
---------------------------------------------------------------------------------
Finished Loading Part and Timing Information : Time (s): cpu = 00:00:08 ; elapsed = 00:00:08 . Memory (MB): peak = 2275.863 ; gain = 639.344 ; free physical = 324 ; free virtual = 6262
---------------------------------------------------------------------------------
---------------------------------------------------------------------------------
Start Applying 'set_property' XDC Constraints
---------------------------------------------------------------------------------
Applied set_property IO_BUFFER_TYPE = NONE for clk. (constraint file  /home/beandog/433/ECE433-Lab7/final-project/finalproject.gen/sources_1/ip/clk_wiz_50MHz/clk_wiz_50MHz/clk_wiz_50MHz_in_context.xdc, line 3).
Applied set_property CLOCK_BUFFER_TYPE = NONE for clk. (constraint file  /home/beandog/433/ECE433-Lab7/final-project/finalproject.gen/sources_1/ip/clk_wiz_50MHz/clk_wiz_50MHz/clk_wiz_50MHz_in_context.xdc, line 4).
Applied set_property KEEP_HIERARCHY = SOFT for slowClk. (constraint file  auto generated constraint).
---------------------------------------------------------------------------------
Finished applying 'set_property' XDC Constraints : Time (s): cpu = 00:00:08 ; elapsed = 00:00:08 . Memory (MB): peak = 2275.863 ; gain = 639.344 ; free physical = 324 ; free virtual = 6262
---------------------------------------------------------------------------------
---------------------------------------------------------------------------------
Finished RTL Optimization Phase 2 : Time (s): cpu = 00:00:08 ; elapsed = 00:00:09 . Memory (MB): peak = 2275.863 ; gain = 639.344 ; free physical = 321 ; free virtual = 6260
---------------------------------------------------------------------------------
---------------------------------------------------------------------------------
Start RTL Component Statistics 
---------------------------------------------------------------------------------
Detailed RTL Component Info : 
+---Adders : 
	   2 Input   11 Bit       Adders := 1     
	   2 Input   10 Bit       Adders := 6     
	   2 Input    9 Bit       Adders := 2     
	   2 Input    6 Bit       Adders := 1     
+---XORs : 
	   2 Input      1 Bit         XORs := 4     
	   3 Input      1 Bit         XORs := 1     
+---Registers : 
	               10 Bit    Registers := 3     
	                9 Bit    Registers := 2     
	                6 Bit    Registers := 1     
	                3 Bit    Registers := 2     
	                1 Bit    Registers := 7     
+---Muxes : 
	   2 Input    4 Bit        Muxes := 1     
	   2 Input    3 Bit        Muxes := 2     
	   2 Input    1 Bit        Muxes := 1     
---------------------------------------------------------------------------------
Finished RTL Component Statistics 
---------------------------------------------------------------------------------
---------------------------------------------------------------------------------
Start Part Resource Summary
---------------------------------------------------------------------------------
Part Resources:
DSPs: 240 (col length:80)
BRAMs: 270 (col length: RAMB18 80 RAMB36 40)
---------------------------------------------------------------------------------
Finished Part Resource Summary
---------------------------------------------------------------------------------
---------------------------------------------------------------------------------
Start Cross Boundary and Area Optimization
---------------------------------------------------------------------------------
WARNING: [Synth 8-7080] Parallel synthesis criteria is not met
WARNING: [Synth 8-3917] design pong has port red[2] driven by constant 0
WARNING: [Synth 8-3917] design pong has port red[1] driven by constant 0
WARNING: [Synth 8-3917] design pong has port red[0] driven by constant 0
WARNING: [Synth 8-3917] design pong has port green[2] driven by constant 0
WARNING: [Synth 8-3917] design pong has port green[1] driven by constant 0
WARNING: [Synth 8-3917] design pong has port green[0] driven by constant 0
---------------------------------------------------------------------------------
Finished Cross Boundary and Area Optimization : Time (s): cpu = 00:00:10 ; elapsed = 00:00:10 . Memory (MB): peak = 2275.863 ; gain = 639.344 ; free physical = 323 ; free virtual = 6266
---------------------------------------------------------------------------------
---------------------------------------------------------------------------------
Start Applying XDC Timing Constraints
---------------------------------------------------------------------------------
---------------------------------------------------------------------------------
Finished Applying XDC Timing Constraints : Time (s): cpu = 00:00:12 ; elapsed = 00:00:13 . Memory (MB): peak = 2275.863 ; gain = 639.344 ; free physical = 325 ; free virtual = 6268
---------------------------------------------------------------------------------
---------------------------------------------------------------------------------
Start Timing Optimization
---------------------------------------------------------------------------------
---------------------------------------------------------------------------------
Finished Timing Optimization : Time (s): cpu = 00:00:12 ; elapsed = 00:00:13 . Memory (MB): peak = 2275.863 ; gain = 639.344 ; free physical = 325 ; free virtual = 6268
---------------------------------------------------------------------------------
---------------------------------------------------------------------------------
Start Technology Mapping
---------------------------------------------------------------------------------
---------------------------------------------------------------------------------
Finished Technology Mapping : Time (s): cpu = 00:00:12 ; elapsed = 00:00:13 . Memory (MB): peak = 2275.863 ; gain = 639.344 ; free physical = 325 ; free virtual = 6268
---------------------------------------------------------------------------------
---------------------------------------------------------------------------------
Start IO Insertion
---------------------------------------------------------------------------------
---------------------------------------------------------------------------------
Start Flattening Before IO Insertion
---------------------------------------------------------------------------------
---------------------------------------------------------------------------------
Finished Flattening Before IO Insertion
---------------------------------------------------------------------------------
---------------------------------------------------------------------------------
Start Final Netlist Cleanup
---------------------------------------------------------------------------------
---------------------------------------------------------------------------------
Finished Final Netlist Cleanup
---------------------------------------------------------------------------------
---------------------------------------------------------------------------------
Finished IO Insertion : Time (s): cpu = 00:00:15 ; elapsed = 00:00:16 . Memory (MB): peak = 2275.863 ; gain = 639.344 ; free physical = 328 ; free virtual = 6271
---------------------------------------------------------------------------------
---------------------------------------------------------------------------------
Start Renaming Generated Instances
---------------------------------------------------------------------------------
---------------------------------------------------------------------------------
Finished Renaming Generated Instances : Time (s): cpu = 00:00:15 ; elapsed = 00:00:16 . Memory (MB): peak = 2275.863 ; gain = 639.344 ; free physical = 328 ; free virtual = 6271
---------------------------------------------------------------------------------
---------------------------------------------------------------------------------
Start Rebuilding User Hierarchy
---------------------------------------------------------------------------------
---------------------------------------------------------------------------------
Finished Rebuilding User Hierarchy : Time (s): cpu = 00:00:15 ; elapsed = 00:00:16 . Memory (MB): peak = 2275.863 ; gain = 639.344 ; free physical = 328 ; free virtual = 6271
---------------------------------------------------------------------------------
---------------------------------------------------------------------------------
Start Renaming Generated Ports
---------------------------------------------------------------------------------
---------------------------------------------------------------------------------
Finished Renaming Generated Ports : Time (s): cpu = 00:00:15 ; elapsed = 00:00:16 . Memory (MB): peak = 2275.863 ; gain = 639.344 ; free physical = 328 ; free virtual = 6271
---------------------------------------------------------------------------------
---------------------------------------------------------------------------------
Start Handling Custom Attributes
---------------------------------------------------------------------------------
---------------------------------------------------------------------------------
Finished Handling Custom Attributes : Time (s): cpu = 00:00:15 ; elapsed = 00:00:16 . Memory (MB): peak = 2275.863 ; gain = 639.344 ; free physical = 328 ; free virtual = 6271
---------------------------------------------------------------------------------
---------------------------------------------------------------------------------
Start Renaming Generated Nets
---------------------------------------------------------------------------------
---------------------------------------------------------------------------------
Finished Renaming Generated Nets : Time (s): cpu = 00:00:15 ; elapsed = 00:00:16 . Memory (MB): peak = 2275.863 ; gain = 639.344 ; free physical = 328 ; free virtual = 6271
---------------------------------------------------------------------------------
---------------------------------------------------------------------------------
Start Writing Synthesis Report
---------------------------------------------------------------------------------

Report BlackBoxes: 
+------+--------------+----------+
|      |BlackBox name |Instances |
+------+--------------+----------+
|1     |clk_wiz_50MHz |         1|
+------+--------------+----------+

Report Cell Usage: 
+------+--------------+------+
|      |Cell          |Count |
+------+--------------+------+
|1     |clk_wiz_50MHz |     1|
|2     |BUFG          |     1|
|3     |CARRY4        |    20|
|4     |LUT1          |     8|
|5     |LUT2          |    31|
|6     |LUT3          |    30|
|7     |LUT4          |    37|
|8     |LUT5          |    34|
|9     |LUT6          |    43|
|10    |FDRE          |    50|
|11    |FDSE          |    14|
|12    |IBUF          |     3|
|13    |OBUF          |    14|
+------+--------------+------+
---------------------------------------------------------------------------------
Finished Writing Synthesis Report : Time (s): cpu = 00:00:15 ; elapsed = 00:00:16 . Memory (MB): peak = 2275.863 ; gain = 639.344 ; free physical = 328 ; free virtual = 6271
---------------------------------------------------------------------------------
Synthesis finished with 0 errors, 0 critical warnings and 7 warnings.
Synthesis Optimization Runtime : Time (s): cpu = 00:00:14 ; elapsed = 00:00:14 . Memory (MB): peak = 2275.863 ; gain = 493.559 ; free physical = 328 ; free virtual = 6271
Synthesis Optimization Complete : Time (s): cpu = 00:00:15 ; elapsed = 00:00:16 . Memory (MB): peak = 2275.863 ; gain = 639.344 ; free physical = 328 ; free virtual = 6271
INFO: [Project 1-571] Translating synthesized netlist
Netlist sorting complete. Time (s): cpu = 00:00:00 ; elapsed = 00:00:00 . Memory (MB): peak = 2275.863 ; gain = 0.000 ; free physical = 328 ; free virtual = 6271
INFO: [Netlist 29-17] Analyzing 20 Unisim elements for replacement
INFO: [Netlist 29-28] Unisim Transformation completed in 0 CPU seconds
INFO: [Project 1-570] Preparing netlist for logic optimization
INFO: [Opt 31-138] Pushed 0 inverter(s) to 0 load pin(s).
Netlist sorting complete. Time (s): cpu = 00:00:00 ; elapsed = 00:00:00 . Memory (MB): peak = 2275.863 ; gain = 0.000 ; free physical = 610 ; free virtual = 6553
INFO: [Project 1-111] Unisim Transformation Summary:
No Unisim elements were transformed.

Synth Design complete | Checksum: c83a264e
INFO: [Common 17-83] Releasing license: Synthesis
32 Infos, 8 Warnings, 0 Critical Warnings and 0 Errors encountered.
synth_design completed successfully
synth_design: Time (s): cpu = 00:00:20 ; elapsed = 00:00:18 . Memory (MB): peak = 2275.863 ; gain = 953.414 ; free physical = 610 ; free virtual = 6553
INFO: [Common 17-2834] synth_design peak Physical Memory [PSS] (MB): overall = 1910.599; main = 1557.316; forked = 401.514
INFO: [Common 17-2834] synth_design peak Virtual Memory [VSS] (MB): overall = 3226.895; main = 2275.832; forked = 983.078
Write ShapeDB Complete: Time (s): cpu = 00:00:00 ; elapsed = 00:00:00 . Memory (MB): peak = 2299.840 ; gain = 0.000 ; free physical = 610 ; free virtual = 6553
INFO: [Common 17-1381] The checkpoint '/home/beandog/433/ECE433-Lab7/final-project/finalproject.runs/synth_1/pong.dcp' has been generated.
INFO: [runtcl-4] Executing : report_utilization -file pong_utilization_synth.rpt -pb pong_utilization_synth.pb
INFO: [Common 17-206] Exiting Vivado at Tue Nov  5 11:12:17 2024...
