
*** Running vivado
    with args -log Lab7I2Cphase2fall2024JJS.vds -m64 -product Vivado -mode batch -messageDb vivado.pb -notrace -source Lab7I2Cphase2fall2024JJS.tcl


****** Vivado v2023.2 (64-bit)
  **** SW Build 4029153 on Fri Oct 13 20:13:54 MDT 2023
  **** IP Build 4028589 on Sat Oct 14 00:45:43 MDT 2023
  **** SharedData Build 4025554 on Tue Oct 10 17:18:54 MDT 2023
    ** Copyright 1986-2022 Xilinx, Inc. All Rights Reserved.
    ** Copyright 2022-2023 Advanced Micro Devices, Inc. All Rights Reserved.

source Lab7I2Cphase2fall2024JJS.tcl -notrace
Command: read_checkpoint -auto_incremental -incremental /home/beandog/433/ECE433-Lab7/Lab7.srcs/utils_1/imports/synth_1/Lab7I2Cphase1fall2024JJS.dcp
INFO: [Vivado 12-5825] Read reference checkpoint from /home/beandog/433/ECE433-Lab7/Lab7.srcs/utils_1/imports/synth_1/Lab7I2Cphase1fall2024JJS.dcp for incremental synthesis
INFO: [Vivado 12-7989] Please ensure there are no constraint changes
Command: synth_design -top Lab7I2Cphase2fall2024JJS -part xc7a100tcsg324-1
Starting synth_design
Attempting to get a license for feature 'Synthesis' and/or device 'xc7a100t'
INFO: [Common 17-349] Got license for feature 'Synthesis' and/or device 'xc7a100t'
INFO: [Device 21-403] Loading part xc7a100tcsg324-1
INFO: [Designutils 20-5440] No compile time benefit to using incremental synthesis; A full resynthesis will be run
INFO: [Designutils 20-4379] Flow is switching to default flow due to incremental criteria not met. If you would like to alter this behaviour and have the flow terminate instead, please set the following parameter config_implementation {autoIncr.Synth.RejectBehavior Terminate}
INFO: [Synth 8-7079] Multithreading enabled for synth_design using a maximum of 4 processes.
INFO: [Synth 8-7078] Launching helper process for spawning children vivado processes
INFO: [Synth 8-7075] Helper process launched with PID 99664
---------------------------------------------------------------------------------
Starting RTL Elaboration : Time (s): cpu = 00:00:03 ; elapsed = 00:00:03 . Memory (MB): peak = 2042.656 ; gain = 406.684 ; free physical = 312 ; free virtual = 6040
---------------------------------------------------------------------------------
INFO: [Synth 8-11241] undeclared symbol 'ShiftIn', assumed default net type 'wire' [/home/beandog/433/ECE433-Lab7/Lab7.srcs/sources_1/imports/433lab7part2/I2C_DataUnit.v:23]
INFO: [Synth 8-11241] undeclared symbol 'ShiftOut', assumed default net type 'wire' [/home/beandog/433/ECE433-Lab7/Lab7.srcs/sources_1/imports/433lab7part2/I2C_DataUnit.v:23]
WARNING: [Synth 8-11065] parameter 'Divider' becomes localparam in 'Refreshing7SegNexysA7' with formal parameter declaration list [/home/beandog/433/ECE433-Lab7/Lab7.srcs/sources_1/imports/433lab7part2/Refreshing7SegNexysA7.v:13]
WARNING: [Synth 8-11065] parameter 'NumberOfBits' becomes localparam in 'Refreshing7SegNexysA7' with formal parameter declaration list [/home/beandog/433/ECE433-Lab7/Lab7.srcs/sources_1/imports/433lab7part2/Refreshing7SegNexysA7.v:14]
INFO: [Synth 8-11241] undeclared symbol 'StartReading', assumed default net type 'wire' [/home/beandog/433/ECE433-Lab7/Lab7.srcs/sources_1/imports/433lab7part2/Lab7I2Cphase2fall2024JJS.v:25]
INFO: [Synth 8-6157] synthesizing module 'Lab7I2Cphase2fall2024JJS' [/home/beandog/433/ECE433-Lab7/Lab7.srcs/sources_1/imports/433lab7part2/Lab7I2Cphase2fall2024JJS.v:16]
INFO: [Synth 8-6157] synthesizing module 'Clock80MHz' [/home/beandog/433/ECE433-Lab7/Lab7.runs/synth_1/.Xil/Vivado-99597-archlinux/realtime/Clock80MHz_stub.v:6]
INFO: [Synth 8-6155] done synthesizing module 'Clock80MHz' (0#1) [/home/beandog/433/ECE433-Lab7/Lab7.runs/synth_1/.Xil/Vivado-99597-archlinux/realtime/Clock80MHz_stub.v:6]
INFO: [Synth 8-6157] synthesizing module 'PositiveClockedOneShot' [/home/beandog/433/ECE433-Lab7/Lab7.srcs/sources_1/imports/433lab7part2/PositiveClockedOneShot.v:7]
INFO: [Synth 8-6155] done synthesizing module 'PositiveClockedOneShot' (0#1) [/home/beandog/433/ECE433-Lab7/Lab7.srcs/sources_1/imports/433lab7part2/PositiveClockedOneShot.v:7]
INFO: [Synth 8-6157] synthesizing module 'ReadTMP101fall2024JJS' [/home/beandog/433/ECE433-Lab7/Lab7.srcs/sources_1/imports/433lab7part2/ReadTMP101fall2024JJS.v:12]
INFO: [Synth 8-6157] synthesizing module 'I2C_BaudRateGenerator' [/home/beandog/433/ECE433-Lab7/Lab7.srcs/sources_1/imports/433lab7part2/I2C_BaudRateGenerator.v:10]
INFO: [Synth 8-6155] done synthesizing module 'I2C_BaudRateGenerator' (0#1) [/home/beandog/433/ECE433-Lab7/Lab7.srcs/sources_1/imports/433lab7part2/I2C_BaudRateGenerator.v:10]
INFO: [Synth 8-6157] synthesizing module 'I2C_Host_Controller_phase2_temp' [/home/beandog/433/ECE433-Lab7/Lab7.srcs/sources_1/imports/433lab7part2/I2C_Host_Controller_phase2_temp.v:20]
INFO: [Synth 8-6157] synthesizing module 'DelayLoop2024Fall' [/home/beandog/433/ECE433-Lab7/Lab7.srcs/sources_1/imports/433lab7part2/DelayLoop2024Fall.v:9]
INFO: [Synth 8-6155] done synthesizing module 'DelayLoop2024Fall' (0#1) [/home/beandog/433/ECE433-Lab7/Lab7.srcs/sources_1/imports/433lab7part2/DelayLoop2024Fall.v:9]
INFO: [Synth 8-6157] synthesizing module 'NegativeClockedOneShot' [/home/beandog/433/ECE433-Lab7/Lab7.srcs/sources_1/imports/433lab7part2/NegativeClockedOneShot.v:7]
INFO: [Synth 8-6155] done synthesizing module 'NegativeClockedOneShot' (0#1) [/home/beandog/433/ECE433-Lab7/Lab7.srcs/sources_1/imports/433lab7part2/NegativeClockedOneShot.v:7]
INFO: [Synth 8-6155] done synthesizing module 'I2C_Host_Controller_phase2_temp' (0#1) [/home/beandog/433/ECE433-Lab7/Lab7.srcs/sources_1/imports/433lab7part2/I2C_Host_Controller_phase2_temp.v:20]
INFO: [Synth 8-6157] synthesizing module 'I2C_DataUnit' [/home/beandog/433/ECE433-Lab7/Lab7.srcs/sources_1/imports/433lab7part2/I2C_DataUnit.v:11]
INFO: [Synth 8-6157] synthesizing module 'I2C_ShiftRegister' [/home/beandog/433/ECE433-Lab7/Lab7.srcs/sources_1/imports/433lab7part2/I2C_ShiftRegister.v:8]
INFO: [Synth 8-6155] done synthesizing module 'I2C_ShiftRegister' (0#1) [/home/beandog/433/ECE433-Lab7/Lab7.srcs/sources_1/imports/433lab7part2/I2C_ShiftRegister.v:8]
INFO: [Synth 8-6157] synthesizing module 'I2C_SDAmodule' [/home/beandog/433/ECE433-Lab7/Lab7.srcs/sources_1/imports/433lab7part2/I2C_SDAmodule.v:6]
INFO: [Synth 8-226] default block is never used [/home/beandog/433/ECE433-Lab7/Lab7.srcs/sources_1/imports/433lab7part2/I2C_SDAmodule.v:15]
INFO: [Synth 8-6155] done synthesizing module 'I2C_SDAmodule' (0#1) [/home/beandog/433/ECE433-Lab7/Lab7.srcs/sources_1/imports/433lab7part2/I2C_SDAmodule.v:6]
INFO: [Synth 8-6155] done synthesizing module 'I2C_DataUnit' (0#1) [/home/beandog/433/ECE433-Lab7/Lab7.srcs/sources_1/imports/433lab7part2/I2C_DataUnit.v:11]
INFO: [Synth 8-6155] done synthesizing module 'ReadTMP101fall2024JJS' (0#1) [/home/beandog/433/ECE433-Lab7/Lab7.srcs/sources_1/imports/433lab7part2/ReadTMP101fall2024JJS.v:12]
INFO: [Synth 8-6157] synthesizing module 'OneTemperatureConverter' [/home/beandog/433/ECE433-Lab7/Lab7.srcs/sources_1/imports/433lab7part2/OneTemperatureConverter.v:10]
INFO: [Synth 8-6155] done synthesizing module 'OneTemperatureConverter' (0#1) [/home/beandog/433/ECE433-Lab7/Lab7.srcs/sources_1/imports/433lab7part2/OneTemperatureConverter.v:10]
INFO: [Synth 8-6157] synthesizing module 'BCDto7Segment' [/home/beandog/433/ECE433-Lab7/Lab7.srcs/sources_1/imports/433lab7part2/BCDto7Segment.v:6]
INFO: [Synth 8-6155] done synthesizing module 'BCDto7Segment' (0#1) [/home/beandog/433/ECE433-Lab7/Lab7.srcs/sources_1/imports/433lab7part2/BCDto7Segment.v:6]
INFO: [Synth 8-6157] synthesizing module 'SevenSegDriverNexysA7' [/home/beandog/433/ECE433-Lab7/Lab7.srcs/sources_1/imports/433lab7part2/SevenSegDriverNexysA7.v:8]
INFO: [Synth 8-6157] synthesizing module 'DisplayMuxNexysA7' [/home/beandog/433/ECE433-Lab7/Lab7.srcs/sources_1/imports/433lab7part2/DisplayMuxNexysA7.v:8]
INFO: [Synth 8-6155] done synthesizing module 'DisplayMuxNexysA7' (0#1) [/home/beandog/433/ECE433-Lab7/Lab7.srcs/sources_1/imports/433lab7part2/DisplayMuxNexysA7.v:8]
INFO: [Synth 8-6157] synthesizing module 'Refreshing7SegNexysA7' [/home/beandog/433/ECE433-Lab7/Lab7.srcs/sources_1/imports/433lab7part2/Refreshing7SegNexysA7.v:7]
INFO: [Synth 8-6155] done synthesizing module 'Refreshing7SegNexysA7' (0#1) [/home/beandog/433/ECE433-Lab7/Lab7.srcs/sources_1/imports/433lab7part2/Refreshing7SegNexysA7.v:7]
INFO: [Synth 8-6155] done synthesizing module 'SevenSegDriverNexysA7' (0#1) [/home/beandog/433/ECE433-Lab7/Lab7.srcs/sources_1/imports/433lab7part2/SevenSegDriverNexysA7.v:8]
INFO: [Synth 8-6155] done synthesizing module 'Lab7I2Cphase2fall2024JJS' (0#1) [/home/beandog/433/ECE433-Lab7/Lab7.srcs/sources_1/imports/433lab7part2/Lab7I2Cphase2fall2024JJS.v:16]
WARNING: [Synth 8-6014] Unused sequential element ACKbit_reg was removed.  [/home/beandog/433/ECE433-Lab7/Lab7.srcs/sources_1/imports/433lab7part2/I2C_Host_Controller_phase2_temp.v:55]
---------------------------------------------------------------------------------
Finished RTL Elaboration : Time (s): cpu = 00:00:04 ; elapsed = 00:00:04 . Memory (MB): peak = 2118.625 ; gain = 482.652 ; free physical = 227 ; free virtual = 5956
---------------------------------------------------------------------------------
---------------------------------------------------------------------------------
Start Handling Custom Attributes
---------------------------------------------------------------------------------
---------------------------------------------------------------------------------
Finished Handling Custom Attributes : Time (s): cpu = 00:00:04 ; elapsed = 00:00:04 . Memory (MB): peak = 2133.469 ; gain = 497.496 ; free physical = 225 ; free virtual = 5954
---------------------------------------------------------------------------------
---------------------------------------------------------------------------------
Finished RTL Optimization Phase 1 : Time (s): cpu = 00:00:04 ; elapsed = 00:00:04 . Memory (MB): peak = 2133.469 ; gain = 497.496 ; free physical = 225 ; free virtual = 5954
---------------------------------------------------------------------------------
Netlist sorting complete. Time (s): cpu = 00:00:00.01 ; elapsed = 00:00:00 . Memory (MB): peak = 2133.469 ; gain = 0.000 ; free physical = 225 ; free virtual = 5954
INFO: [Project 1-570] Preparing netlist for logic optimization

Processing XDC Constraints
Initializing timing engine
Parsing XDC File [/home/beandog/433/ECE433-Lab7/Lab7.gen/sources_1/ip/Clock80MHz/Clock80MHz/Clock80MHz_in_context.xdc] for cell 'SystemClockUnit'
Finished Parsing XDC File [/home/beandog/433/ECE433-Lab7/Lab7.gen/sources_1/ip/Clock80MHz/Clock80MHz/Clock80MHz_in_context.xdc] for cell 'SystemClockUnit'
Parsing XDC File [/home/beandog/433/ECE433-Lab7/Lab7.srcs/constrs_1/imports/433lab7part2/Lab7I2Cphase2fall2024JJS.xdc]
CRITICAL WARNING: [Designutils 20-1307] Command 'git' is not supported in the xdc constraint file. [/home/beandog/433/ECE433-Lab7/Lab7.srcs/constrs_1/imports/433lab7part2/Lab7I2Cphase2fall2024JJS.xdc:20]
CRITICAL WARNING: [Designutils 20-1307] Command 'hgasasdfjlasdl' is not supported in the xdc constraint file. [/home/beandog/433/ECE433-Lab7/Lab7.srcs/constrs_1/imports/433lab7part2/Lab7I2Cphase2fall2024JJS.xdc:21]
Finished Parsing XDC File [/home/beandog/433/ECE433-Lab7/Lab7.srcs/constrs_1/imports/433lab7part2/Lab7I2Cphase2fall2024JJS.xdc]
INFO: [Project 1-236] Implementation specific constraints were found while reading constraint file [/home/beandog/433/ECE433-Lab7/Lab7.srcs/constrs_1/imports/433lab7part2/Lab7I2Cphase2fall2024JJS.xdc]. These constraints will be ignored for synthesis but will be used in implementation. Impacted constraints are listed in the file [.Xil/Lab7I2Cphase2fall2024JJS_propImpl.xdc].
Resolution: To avoid this warning, move constraints listed in [.Xil/Lab7I2Cphase2fall2024JJS_propImpl.xdc] to another XDC file and exclude this new file from synthesis with the used_in_synthesis property (File Properties dialog in GUI) and re-run elaboration/synthesis.
Completed Processing XDC Constraints

Netlist sorting complete. Time (s): cpu = 00:00:00 ; elapsed = 00:00:00 . Memory (MB): peak = 2295.219 ; gain = 0.000 ; free physical = 205 ; free virtual = 5934
INFO: [Project 1-111] Unisim Transformation Summary:
No Unisim elements were transformed.

Constraint Validation Runtime : Time (s): cpu = 00:00:00.01 ; elapsed = 00:00:00 . Memory (MB): peak = 2295.254 ; gain = 0.000 ; free physical = 205 ; free virtual = 5934
INFO: [Designutils 20-5440] No compile time benefit to using incremental synthesis; A full resynthesis will be run
INFO: [Designutils 20-4379] Flow is switching to default flow due to incremental criteria not met. If you would like to alter this behaviour and have the flow terminate instead, please set the following parameter config_implementation {autoIncr.Synth.RejectBehavior Terminate}
---------------------------------------------------------------------------------
Finished Constraint Validation : Time (s): cpu = 00:00:08 ; elapsed = 00:00:08 . Memory (MB): peak = 2295.254 ; gain = 659.281 ; free physical = 168 ; free virtual = 5898
---------------------------------------------------------------------------------
---------------------------------------------------------------------------------
Start Loading Part and Timing Information
---------------------------------------------------------------------------------
Loading part: xc7a100tcsg324-1
---------------------------------------------------------------------------------
Finished Loading Part and Timing Information : Time (s): cpu = 00:00:08 ; elapsed = 00:00:08 . Memory (MB): peak = 2295.254 ; gain = 659.281 ; free physical = 168 ; free virtual = 5898
---------------------------------------------------------------------------------
---------------------------------------------------------------------------------
Start Applying 'set_property' XDC Constraints
---------------------------------------------------------------------------------
Applied set_property IO_BUFFER_TYPE = NONE for Clock. (constraint file  /home/beandog/433/ECE433-Lab7/Lab7.gen/sources_1/ip/Clock80MHz/Clock80MHz/Clock80MHz_in_context.xdc, line 3).
Applied set_property CLOCK_BUFFER_TYPE = NONE for Clock. (constraint file  /home/beandog/433/ECE433-Lab7/Lab7.gen/sources_1/ip/Clock80MHz/Clock80MHz/Clock80MHz_in_context.xdc, line 4).
Applied set_property KEEP_HIERARCHY = SOFT for SystemClockUnit. (constraint file  auto generated constraint).
---------------------------------------------------------------------------------
Finished applying 'set_property' XDC Constraints : Time (s): cpu = 00:00:08 ; elapsed = 00:00:08 . Memory (MB): peak = 2295.254 ; gain = 659.281 ; free physical = 168 ; free virtual = 5898
---------------------------------------------------------------------------------
INFO: [Synth 8-802] inferred FSM for state register 'State_reg' in module 'PositiveClockedOneShot'
INFO: [Synth 8-802] inferred FSM for state register 'State_reg' in module 'NegativeClockedOneShot'
INFO: [Synth 8-802] inferred FSM for state register 'State_reg' in module 'I2C_Host_Controller_phase2_temp'
---------------------------------------------------------------------------------------------------
                   State |                     New Encoding |                Previous Encoding 
---------------------------------------------------------------------------------------------------
               WaitState |                               00 |                               11
            InitialState |                               01 |                               00
            OneShotState |                               10 |                               01
---------------------------------------------------------------------------------------------------
INFO: [Synth 8-3354] encoded FSM with state register 'State_reg' using encoding 'sequential' in module 'PositiveClockedOneShot'
---------------------------------------------------------------------------------------------------
                   State |                     New Encoding |                Previous Encoding 
---------------------------------------------------------------------------------------------------
            InitialState |                               00 |                               00
            OneShotState |                               01 |                               01
               WaitState |                               10 |                               11
---------------------------------------------------------------------------------------------------
INFO: [Synth 8-3354] encoded FSM with state register 'State_reg' using encoding 'sequential' in module 'NegativeClockedOneShot'
---------------------------------------------------------------------------------------------------
                   State |                     New Encoding |                Previous Encoding 
---------------------------------------------------------------------------------------------------
            InitialState |                      00000000001 |                             0000
              StartState |                      00000000010 |                             0001
               LoadState |                      00000000100 |                             0010
              WriteState |                      00000001000 |                             0011
   AcknowledgeWriteState |                      00000010000 |                             0100
              CheckState |                      00000100000 |                             0101
               ReadState |                      00001000000 |                             0110
               WaitState |                      00010000000 |                             0111
    AcknowledgeReadState |                      00100000000 |                             1000
            TransitState |                      01000000000 |                             1001
               StopState |                      10000000000 |                             1010
---------------------------------------------------------------------------------------------------
INFO: [Synth 8-3354] encoded FSM with state register 'State_reg' using encoding 'one-hot' in module 'I2C_Host_Controller_phase2_temp'
---------------------------------------------------------------------------------
Finished RTL Optimization Phase 2 : Time (s): cpu = 00:00:09 ; elapsed = 00:00:09 . Memory (MB): peak = 2295.254 ; gain = 659.281 ; free physical = 164 ; free virtual = 5895
---------------------------------------------------------------------------------
---------------------------------------------------------------------------------
Start RTL Component Statistics 
---------------------------------------------------------------------------------
Detailed RTL Component Info : 
+---Adders : 
	   2 Input   32 Bit       Adders := 1     
	   2 Input   11 Bit       Adders := 1     
	   2 Input    4 Bit       Adders := 1     
	   2 Input    3 Bit       Adders := 1     
	   2 Input    2 Bit       Adders := 1     
+---Registers : 
	               20 Bit    Registers := 1     
	                8 Bit    Registers := 10    
	                4 Bit    Registers := 1     
	                3 Bit    Registers := 1     
	                1 Bit    Registers := 9     
+---Muxes : 
	  11 Input   11 Bit        Muxes := 1     
	   2 Input   11 Bit        Muxes := 11    
	   2 Input    8 Bit        Muxes := 1     
	   8 Input    8 Bit        Muxes := 2     
	  11 Input    4 Bit        Muxes := 1     
	   9 Input    3 Bit        Muxes := 1     
	   3 Input    2 Bit        Muxes := 3     
	   2 Input    2 Bit        Muxes := 11    
	   2 Input    1 Bit        Muxes := 7     
	   3 Input    1 Bit        Muxes := 1     
	  11 Input    1 Bit        Muxes := 8     
	   4 Input    1 Bit        Muxes := 1     
---------------------------------------------------------------------------------
Finished RTL Component Statistics 
---------------------------------------------------------------------------------
---------------------------------------------------------------------------------
Start Part Resource Summary
---------------------------------------------------------------------------------
Part Resources:
DSPs: 240 (col length:80)
BRAMs: 270 (col length: RAMB18 80 RAMB36 40)
---------------------------------------------------------------------------------
Finished Part Resource Summary
---------------------------------------------------------------------------------
---------------------------------------------------------------------------------
Start Cross Boundary and Area Optimization
---------------------------------------------------------------------------------
WARNING: [Synth 8-7080] Parallel synthesis criteria is not met
---------------------------------------------------------------------------------
Finished Cross Boundary and Area Optimization : Time (s): cpu = 00:00:13 ; elapsed = 00:00:13 . Memory (MB): peak = 2295.254 ; gain = 659.281 ; free physical = 284 ; free virtual = 5921
---------------------------------------------------------------------------------
---------------------------------------------------------------------------------
Start Applying XDC Timing Constraints
---------------------------------------------------------------------------------
---------------------------------------------------------------------------------
Finished Applying XDC Timing Constraints : Time (s): cpu = 00:00:16 ; elapsed = 00:00:16 . Memory (MB): peak = 2295.254 ; gain = 659.281 ; free physical = 282 ; free virtual = 5918
---------------------------------------------------------------------------------
---------------------------------------------------------------------------------
Start Timing Optimization
---------------------------------------------------------------------------------
---------------------------------------------------------------------------------
Finished Timing Optimization : Time (s): cpu = 00:00:17 ; elapsed = 00:00:18 . Memory (MB): peak = 2295.254 ; gain = 659.281 ; free physical = 276 ; free virtual = 5912
---------------------------------------------------------------------------------
---------------------------------------------------------------------------------
Start Technology Mapping
---------------------------------------------------------------------------------
---------------------------------------------------------------------------------
Finished Technology Mapping : Time (s): cpu = 00:00:18 ; elapsed = 00:00:18 . Memory (MB): peak = 2295.254 ; gain = 659.281 ; free physical = 275 ; free virtual = 5912
---------------------------------------------------------------------------------
---------------------------------------------------------------------------------
Start IO Insertion
---------------------------------------------------------------------------------
---------------------------------------------------------------------------------
Start Flattening Before IO Insertion
---------------------------------------------------------------------------------
---------------------------------------------------------------------------------
Finished Flattening Before IO Insertion
---------------------------------------------------------------------------------
---------------------------------------------------------------------------------
Start Final Netlist Cleanup
---------------------------------------------------------------------------------
---------------------------------------------------------------------------------
Finished Final Netlist Cleanup
---------------------------------------------------------------------------------
---------------------------------------------------------------------------------
Finished IO Insertion : Time (s): cpu = 00:00:20 ; elapsed = 00:00:21 . Memory (MB): peak = 2295.254 ; gain = 659.281 ; free physical = 243 ; free virtual = 5880
---------------------------------------------------------------------------------
---------------------------------------------------------------------------------
Start Renaming Generated Instances
---------------------------------------------------------------------------------
---------------------------------------------------------------------------------
Finished Renaming Generated Instances : Time (s): cpu = 00:00:20 ; elapsed = 00:00:21 . Memory (MB): peak = 2295.254 ; gain = 659.281 ; free physical = 243 ; free virtual = 5880
---------------------------------------------------------------------------------
---------------------------------------------------------------------------------
Start Rebuilding User Hierarchy
---------------------------------------------------------------------------------
---------------------------------------------------------------------------------
Finished Rebuilding User Hierarchy : Time (s): cpu = 00:00:20 ; elapsed = 00:00:21 . Memory (MB): peak = 2295.254 ; gain = 659.281 ; free physical = 243 ; free virtual = 5880
---------------------------------------------------------------------------------
---------------------------------------------------------------------------------
Start Renaming Generated Ports
---------------------------------------------------------------------------------
---------------------------------------------------------------------------------
Finished Renaming Generated Ports : Time (s): cpu = 00:00:20 ; elapsed = 00:00:21 . Memory (MB): peak = 2295.254 ; gain = 659.281 ; free physical = 243 ; free virtual = 5880
---------------------------------------------------------------------------------
---------------------------------------------------------------------------------
Start Handling Custom Attributes
---------------------------------------------------------------------------------
---------------------------------------------------------------------------------
Finished Handling Custom Attributes : Time (s): cpu = 00:00:20 ; elapsed = 00:00:21 . Memory (MB): peak = 2295.254 ; gain = 659.281 ; free physical = 243 ; free virtual = 5880
---------------------------------------------------------------------------------
---------------------------------------------------------------------------------
Start Renaming Generated Nets
---------------------------------------------------------------------------------
---------------------------------------------------------------------------------
Finished Renaming Generated Nets : Time (s): cpu = 00:00:20 ; elapsed = 00:00:21 . Memory (MB): peak = 2295.254 ; gain = 659.281 ; free physical = 243 ; free virtual = 5880
---------------------------------------------------------------------------------
---------------------------------------------------------------------------------
Start Writing Synthesis Report
---------------------------------------------------------------------------------

Report BlackBoxes: 
+------+--------------+----------+
|      |BlackBox name |Instances |
+------+--------------+----------+
|1     |Clock80MHz    |         1|
+------+--------------+----------+

Report Cell Usage: 
+------+-----------+------+
|      |Cell       |Count |
+------+-----------+------+
|1     |Clock80MHz |     1|
|2     |CARRY4     |    19|
|3     |LUT1       |     4|
|4     |LUT2       |    35|
|5     |LUT3       |    42|
|6     |LUT4       |    27|
|7     |LUT5       |    10|
|8     |LUT6       |    76|
|9     |FDCE       |     6|
|10    |FDRE       |   128|
|11    |FDSE       |     1|
|12    |IBUF       |     6|
|13    |IOBUF      |     1|
|14    |OBUF       |    27|
+------+-----------+------+
---------------------------------------------------------------------------------
Finished Writing Synthesis Report : Time (s): cpu = 00:00:20 ; elapsed = 00:00:21 . Memory (MB): peak = 2295.254 ; gain = 659.281 ; free physical = 243 ; free virtual = 5880
---------------------------------------------------------------------------------
Synthesis finished with 0 errors, 0 critical warnings and 1 warnings.
Synthesis Optimization Runtime : Time (s): cpu = 00:00:19 ; elapsed = 00:00:19 . Memory (MB): peak = 2295.254 ; gain = 497.496 ; free physical = 243 ; free virtual = 5880
Synthesis Optimization Complete : Time (s): cpu = 00:00:20 ; elapsed = 00:00:21 . Memory (MB): peak = 2295.254 ; gain = 659.281 ; free physical = 243 ; free virtual = 5880
INFO: [Project 1-571] Translating synthesized netlist
Netlist sorting complete. Time (s): cpu = 00:00:00 ; elapsed = 00:00:00 . Memory (MB): peak = 2295.254 ; gain = 0.000 ; free physical = 514 ; free virtual = 6167
INFO: [Netlist 29-17] Analyzing 20 Unisim elements for replacement
INFO: [Netlist 29-28] Unisim Transformation completed in 0 CPU seconds
INFO: [Project 1-570] Preparing netlist for logic optimization
INFO: [Opt 31-138] Pushed 0 inverter(s) to 0 load pin(s).
Netlist sorting complete. Time (s): cpu = 00:00:00 ; elapsed = 00:00:00 . Memory (MB): peak = 2295.254 ; gain = 0.000 ; free physical = 514 ; free virtual = 6167
INFO: [Project 1-111] Unisim Transformation Summary:
  A total of 1 instances were transformed.
  IOBUF => IOBUF (IBUF, OBUFT): 1 instance 

Synth Design complete | Checksum: e3e0b6bf
INFO: [Common 17-83] Releasing license: Synthesis
63 Infos, 4 Warnings, 2 Critical Warnings and 0 Errors encountered.
synth_design completed successfully
synth_design: Time (s): cpu = 00:00:25 ; elapsed = 00:00:23 . Memory (MB): peak = 2295.254 ; gain = 973.289 ; free physical = 514 ; free virtual = 6167
INFO: [Common 17-2834] synth_design peak Physical Memory [PSS] (MB): overall = 1863.743; main = 1508.553; forked = 402.928
INFO: [Common 17-2834] synth_design peak Virtual Memory [VSS] (MB): overall = 3247.254; main = 2295.223; forked = 984.047
INFO: [runtcl-6] Synthesis results are not added to the cache due to CRITICAL_WARNING
Write ShapeDB Complete: Time (s): cpu = 00:00:00 ; elapsed = 00:00:00.01 . Memory (MB): peak = 2319.230 ; gain = 0.000 ; free physical = 513 ; free virtual = 6167
INFO: [Common 17-1381] The checkpoint '/home/beandog/433/ECE433-Lab7/Lab7.runs/synth_1/Lab7I2Cphase2fall2024JJS.dcp' has been generated.
INFO: [runtcl-4] Executing : report_utilization -file Lab7I2Cphase2fall2024JJS_utilization_synth.rpt -pb Lab7I2Cphase2fall2024JJS_utilization_synth.pb
INFO: [Common 17-206] Exiting Vivado at Mon Nov  4 12:03:59 2024...
